<?xml version="1.0" encoding="UTF-8"?>
<!-- Generated by org.testng.reporters.JUnitReportReporter -->
<testsuite hostname="SARAVANAN-PC" failures="0" tests="3" name="test.TestClass2" time="0.024" errors="0" timestamp="2025-07-19T01:05:26 EDT" skipped="0">
  <testcase classname="test.TestClass2" name="thirdTest" time="0.011"/>
  <testcase classname="test.TestClass2" name="secondTest" time="0.004"/>
  <testcase classname="test.TestClass2" name="firstTest" time="0.009"/>
</testsuite> <!-- test.TestClass2 -->
