<?xml version="1.0" encoding="UTF-8"?>
<!-- Generated by org.testng.reporters.JUnitReportReporter -->
<testsuite hostname="SARAVANAN-PC" failures="0" tests="2" name="test.TestClass1" time="0.009" errors="0" timestamp="2025-07-19T16:22:43 EDT" skipped="0">
  <testcase classname="test.TestClass1" name="secondTest" time="0.001"/>
  <testcase classname="test.TestClass1" name="firstTest" time="0.008"/>
</testsuite> <!-- test.TestClass1 -->
