<?xml version="1.0" encoding="UTF-8"?>
<!-- Generated by org.testng.reporters.JUnitReportReporter -->
<testsuite hostname="SARAVANAN-PC" failures="0" tests="2" name="main.TestNGTutorial" time="0.021" errors="0" timestamp="2025-06-27T12:56:26 EDT" skipped="0">
  <testcase classname="main.TestNGTutorial" name="test1" time="0.016"/>
  <testcase classname="main.TestNGTutorial" name="test2" time="0.005"/>
</testsuite> <!-- main.TestNGTutorial -->
