<?xml version="1.0" encoding="UTF-8"?>
<!-- Generated by org.testng.reporters.JUnitReportReporter -->
<testsuite hostname="SARAVANAN-PC" failures="0" tests="6" name="test.TestClass3" time="0.058" errors="0" timestamp="2025-07-19T01:05:26 EDT" skipped="0">
  <testcase classname="test.TestClass3" name="webTest2" time="0.003"/>
  <testcase classname="test.TestClass3" name="webTest1" time="0.003"/>
  <testcase classname="test.TestClass3" name="mobileTest3" time="0.030"/>
  <testcase classname="test.TestClass3" name="mobileTest4" time="0.004"/>
  <testcase classname="test.TestClass3" name="mobileTest1" time="0.005"/>
  <testcase classname="test.TestClass3" name="mobileTest2" time="0.013"/>
</testsuite> <!-- test.TestClass3 -->
