<?xml version="1.0" encoding="UTF-8"?>
<!-- Generated by org.testng.reporters.JUnitReportReporter -->
<testsuite hostname="SARAVANAN-PC" failures="0" tests="3" name="test.TestClass2" time="0.020" errors="0" timestamp="2025-07-18T19:26:11 EDT" skipped="0">
  <testcase classname="test.TestClass2" name="thirdTest" time="0.001"/>
  <testcase classname="test.TestClass2" name="secondTest" time="0.004"/>
  <testcase classname="test.TestClass2" name="firstTest" time="0.015"/>
</testsuite> <!-- test.TestClass2 -->
