<?xml version="1.0" encoding="UTF-8"?>
<!-- Generated by org.testng.reporters.JUnitReportReporter -->
<testsuite hostname="SARAVANAN-PC" failures="0" tests="2" name="test.TestClass3" time="0.011" errors="0" timestamp="2025-07-18T22:59:11 EDT" skipped="0">
  <testcase classname="test.TestClass3" name="webTest2" time="0.002"/>
  <testcase classname="test.TestClass3" name="webTest1" time="0.009"/>
</testsuite> <!-- test.TestClass3 -->
