<?xml version="1.0" encoding="UTF-8"?>
<!-- Generated by org.testng.reporters.JUnitReportReporter -->
<testsuite hostname="SARAVANAN-PC" failures="0" tests="2" name="test.TestClass1" time="0.012" errors="0" timestamp="2025-07-18T21:54:00 EDT" skipped="0">
  <testcase classname="test.TestClass1" name="secondTest" time="0.002"/>
  <testcase classname="test.TestClass1" name="firstTest" time="0.010"/>
</testsuite> <!-- test.TestClass1 -->
